c:\users\dejin\documents\mipsed\x64\debug\vc120.pdb
c:\users\dejin\documents\mipsed\x64\debug\register.obj
c:\users\dejin\documents\mipsed\x64\debug\mipseditor_plugin_import.obj
c:\users\dejin\documents\mipsed\x64\debug\memory.obj
c:\users\dejin\documents\mipsed\x64\debug\mainwindow.obj
c:\users\dejin\documents\mipsed\x64\debug\main.obj
c:\users\dejin\documents\mipsed\x64\debug\instruction.obj
c:\users\dejin\documents\mipsed\x64\debug\file.obj
c:\users\dejin\documents\mipsed\x64\debug\mipssti.obj
c:\users\dejin\documents\mipsed\x64\debug\moc_mainwindow.obj
c:\users\dejin\documents\mipsed\generatedfiles\debug\moc_mainwindow.cpp
c:\users\dejin\documents\mipsed\generatedfiles\ui_mainwindow.h
c:\users\dejin\documents\mipsed\debug\mipsed.ilk
c:\users\dejin\documents\mipsed\debug\mipsed.exe
c:\users\dejin\documents\mipsed\debug\mipsed.pdb
c:\users\dejin\documents\mipsed\x64\debug\mipsed.tlog\cl.command.1.tlog
c:\users\dejin\documents\mipsed\x64\debug\mipsed.tlog\cl.read.1.tlog
c:\users\dejin\documents\mipsed\x64\debug\mipsed.tlog\cl.write.1.tlog
c:\users\dejin\documents\mipsed\x64\debug\mipsed.tlog\custombuild.command.1.tlog
c:\users\dejin\documents\mipsed\x64\debug\mipsed.tlog\custombuild.read.1.tlog
c:\users\dejin\documents\mipsed\x64\debug\mipsed.tlog\custombuild.write.1.tlog
c:\users\dejin\documents\mipsed\x64\debug\mipsed.tlog\link.command.1.tlog
c:\users\dejin\documents\mipsed\x64\debug\mipsed.tlog\link.read.1.tlog
c:\users\dejin\documents\mipsed\x64\debug\mipsed.tlog\link.write.1.tlog
